<?xml version="1.0" encoding="UTF-8"?>
<!-- Generated by org.testng.reporters.JUnitReportReporter -->
<testsuite hostname="AIPL6457LT14034" failures="0" tests="1" name="AccountsDetails" time="1.619" errors="0" timestamp="2022-02-18T14:13:41 IST" skipped="0">
  <testcase classname="AccountsDetails" name="verifyAccountDetails" time="1.619"/>
  <system-out/>
</testsuite> <!-- AccountsDetails -->
