<?xml version="1.0" encoding="UTF-8"?>
<!-- Generated by org.testng.reporters.JUnitReportReporter -->
<testsuite hostname="AIPL6457LT14034" failures="0" tests="1" name="com.uibank.Login" time="2.114" errors="0" timestamp="2022-02-18T15:06:47 IST" skipped="0">
  <testcase classname="com.uibank.Login" name="verifyLogin" time="2.114"/>
  <system-out/>
</testsuite> <!-- com.uibank.Login -->
