<?xml version="1.0" encoding="UTF-8"?>
<!-- Generated by org.testng.reporters.JUnitReportReporter -->
<testsuite hostname="AIPL6457LT14034" failures="0" tests="1" name="CreateNewAccount" time="1.748" errors="0" timestamp="2022-02-18T12:30:37 IST" skipped="0">
  <testcase classname="CreateNewAccount" name="createNewAccount" time="1.748"/>
  <system-out/>
</testsuite> <!-- CreateNewAccount -->
