<?xml version="1.0" encoding="UTF-8"?>
<!-- Generated by org.testng.reporters.JUnitReportReporter -->
<testsuite hostname="AIPL6457LT14034" failures="0" tests="1" name="ViewProfile" time="1.652" errors="0" timestamp="2022-02-18T12:32:00 IST" skipped="0">
  <testcase classname="ViewProfile" name="verifyProfile" time="1.652"/>
  <system-out/>
</testsuite> <!-- ViewProfile -->
