<?xml version="1.0" encoding="UTF-8"?>
<!-- Generated by org.testng.reporters.JUnitReportReporter -->
<testsuite hostname="AIPL6457LT14034" failures="0" tests="1" name="com.uibank.ViewProfile" time="0.897" errors="0" timestamp="2022-02-18T15:06:47 IST" skipped="0">
  <testcase classname="com.uibank.ViewProfile" name="verifyProfile" time="0.897"/>
  <system-out/>
</testsuite> <!-- com.uibank.ViewProfile -->
