<?xml version="1.0" encoding="UTF-8"?>
<!-- Generated by org.testng.reporters.JUnitReportReporter -->
<testsuite hostname="AIPL6457LT14034" failures="0" tests="1" name="Login" time="2.116" errors="0" timestamp="2022-02-18T14:12:45 IST" skipped="0">
  <testcase classname="Login" name="verifyLogin" time="2.116"/>
  <system-out/>
</testsuite> <!-- Login -->
